TN:
SF:src\App.tsx
FN:17,App
FN:23,(anonymous_1)
FN:24,(anonymous_2)
FN:25,(anonymous_3)
FN:27,(anonymous_4)
FN:41,(anonymous_5)
FN:49,(anonymous_6)
FN:57,(anonymous_7)
FN:65,(anonymous_8)
FN:80,(anonymous_9)
FN:84,(anonymous_10)
FN:97,(anonymous_11)
FN:112,(anonymous_12)
FN:132,getMetricValue
FNF:14
FNH:14
FNDA:4,App
FNDA:4,(anonymous_1)
FNDA:4,(anonymous_2)
FNDA:4,(anonymous_3)
FNDA:16,(anonymous_4)
FNDA:25,(anonymous_5)
FNDA:25,(anonymous_6)
FNDA:25,(anonymous_7)
FNDA:25,(anonymous_8)
FNDA:8,(anonymous_9)
FNDA:1,(anonymous_10)
FNDA:16,(anonymous_11)
FNDA:20,(anonymous_12)
FNDA:32,getMetricValue
DA:12,1
DA:18,4
DA:20,4
DA:21,4
DA:23,4
DA:24,4
DA:25,4
DA:27,4
DA:28,16
DA:29,16
DA:30,16
DA:31,16
DA:32,16
DA:35,4
DA:41,25
DA:49,25
DA:57,25
DA:65,25
DA:70,4
DA:81,8
DA:84,1
DA:98,16
DA:113,20
DA:133,32
DA:135,8
DA:137,8
DA:139,8
DA:141,8
LF:28
LH:28
BRDA:20,0,0,3
BRDA:20,0,1,1
BRDA:21,1,0,3
BRDA:21,1,1,1
BRDA:24,2,0,3
BRDA:24,2,1,1
BRDA:28,3,0,0
BRDA:28,3,1,16
BRDA:31,4,0,0
BRDA:31,4,1,16
BRDA:53,5,0,3
BRDA:53,5,1,1
BRDA:54,6,0,3
BRDA:54,6,1,1
BRDA:55,7,0,3
BRDA:55,7,1,1
BRDA:61,8,0,3
BRDA:61,8,1,1
BRDA:63,9,0,3
BRDA:63,9,1,1
BRDA:66,10,0,3
BRDA:66,10,1,1
BRDA:86,11,0,4
BRDA:86,11,1,4
BRDA:117,12,0,4
BRDA:117,12,1,16
BRDA:118,13,0,4
BRDA:118,13,1,16
BRDA:133,14,0,8
BRDA:133,14,1,8
BRDA:133,14,2,8
BRDA:133,14,3,8
BRF:32
BRH:30
end_of_record
TN:
SF:src\components\GoalCard.tsx
FN:12,GoalCard
FNF:1
FNH:1
FNDA:20,GoalCard
DA:13,20
DA:15,20
LF:2
LH:2
BRDA:18,0,0,20
BRDA:18,0,1,20
BRF:2
BRH:2
end_of_record
TN:
SF:src\components\Insights.tsx
FN:8,Insights
FN:9,(anonymous_1)
FN:10,(anonymous_2)
FN:32,(anonymous_3)
FNF:4
FNH:4
FNDA:4,Insights
FNDA:25,(anonymous_1)
FNDA:25,(anonymous_2)
FNDA:12,(anonymous_3)
DA:9,25
DA:10,25
DA:12,4
DA:30,4
DA:33,12
LF:5
LH:5
BRDA:9,0,0,10
BRDA:9,0,1,15
BRDA:10,1,0,6
BRDA:10,1,1,19
BRF:4
BRH:4
end_of_record
TN:
SF:src\components\MetricCard.tsx
FN:15,MetricCard
FN:16,(anonymous_1)
FN:69,getSparklinePoints
FN:76,(anonymous_3)
FNF:4
FNH:4
FNDA:16,MetricCard
FNDA:16,(anonymous_1)
FNDA:16,getSparklinePoints
FNDA:100,(anonymous_3)
DA:16,16
DA:18,16
DA:70,16
DA:71,16
DA:72,16
DA:73,16
DA:75,16
DA:77,100
DA:78,100
DA:79,100
DA:83,16
LF:11
LH:11
BRDA:15,0,0,16
BRDA:25,1,0,16
BRDA:25,1,1,12
BRDA:28,2,0,16
BRDA:28,2,1,16
BRDA:34,3,0,16
BRDA:34,3,1,16
BRDA:38,4,0,4
BRDA:38,4,1,12
BRDA:41,5,0,4
BRDA:41,5,1,12
BRDA:43,6,0,0
BRDA:43,6,1,16
BRDA:43,7,0,16
BRDA:43,7,1,16
BRDA:47,8,0,16
BRDA:47,8,1,16
BRDA:70,9,0,0
BRDA:70,9,1,16
BRDA:70,10,0,16
BRDA:70,10,1,16
BRDA:73,11,0,16
BRDA:73,11,1,0
BRF:23
BRH:20
end_of_record
TN:
SF:src\components\SummaryChart.tsx
FN:18,(anonymous_0)
FN:31,SummaryChart
FN:43,(anonymous_2)
FNF:3
FNH:1
FNDA:0,(anonymous_0)
FNDA:4,SummaryChart
FNDA:0,(anonymous_2)
DA:18,1
DA:19,0
DA:21,0
DA:23,0
DA:25,0
DA:27,0
DA:32,4
DA:43,0
LF:8
LH:2
BRDA:19,0,0,0
BRDA:19,0,1,0
BRDA:19,0,2,0
BRDA:19,0,3,0
BRDA:35,1,0,3
BRDA:35,1,1,1
BRF:6
BRH:2
end_of_record
TN:
SF:src\components\WeeklyBreakdown.tsx
FN:8,WeeklyBreakdown
FN:25,(anonymous_1)
FNF:2
FNH:2
FNDA:4,WeeklyBreakdown
FNDA:25,(anonymous_1)
DA:9,4
DA:26,25
LF:2
LH:2
BRF:0
BRH:0
end_of_record
TN:
SF:src\data\mockData.ts
FNF:0
FNH:0
DA:3,2
DA:13,2
DA:20,2
DA:28,2
LF:4
LH:4
BRF:0
BRH:0
end_of_record
TN:
SF:src\utils\metrics.ts
FN:3,(anonymous_0)
FN:3,(anonymous_1)
FN:5,calculateSummary
FN:6,(anonymous_3)
FN:7,(anonymous_4)
FN:8,(anonymous_5)
FN:9,(anonymous_6)
FN:10,(anonymous_7)
FN:22,(anonymous_8)
FN:23,(anonymous_9)
FN:24,(anonymous_10)
FN:25,(anonymous_11)
FN:44,buildGoalProgress
FN:55,(anonymous_13)
FN:65,formatNumber
FN:71,formatUnit
FNF:16
FNH:15
FNDA:50,(anonymous_0)
FNDA:275,(anonymous_1)
FNDA:10,calculateSummary
FNDA:55,(anonymous_3)
FNDA:55,(anonymous_4)
FNDA:55,(anonymous_5)
FNDA:55,(anonymous_6)
FNDA:55,(anonymous_7)
FNDA:55,(anonymous_8)
FNDA:55,(anonymous_9)
FNDA:55,(anonymous_10)
FNDA:55,(anonymous_11)
FNDA:5,buildGoalProgress
FNDA:25,(anonymous_13)
FNDA:41,formatNumber
FNDA:0,formatUnit
DA:3,275
DA:6,55
DA:7,55
DA:8,55
DA:9,55
DA:10,55
DA:12,10
DA:13,10
DA:14,10
DA:17,10
DA:18,10
DA:19,10
DA:20,10
DA:22,55
DA:23,55
DA:24,55
DA:25,55
DA:27,10
DA:29,10
DA:45,5
DA:47,5
DA:55,25
DA:66,41
DA:67,41
DA:68,7
DA:72,0
LF:26
LH:25
BRDA:17,0,0,5
BRDA:17,0,1,5
BRDA:45,1,0,4
BRDA:45,1,1,1
BRDA:61,2,0,0
BRDA:61,2,1,25
BRDA:66,3,0,0
BRDA:66,3,1,41
BRDA:67,4,0,34
BRDA:67,4,1,7
BRDA:72,5,0,0
BRDA:72,5,1,0
BRF:12
BRH:8
end_of_record
TN:
SF:src\utils\styles.ts
FN:5,cn
FNF:1
FNH:1
FNDA:52,cn
DA:6,52
LF:1
LH:1
BRF:0
BRH:0
end_of_record
